<?xml version="1.0" encoding="UTF-8"?>
<!-- Generated by org.testng.reporters.JUnitXMLReporter -->
<testsuite hostname="WINDOWS-PLHO4PI" ignored="0" name="Test" tests="3" failures="0" timestamp="29 Mar 2017 13:28:56 GMT" time="104.011" errors="0">
  <testcase name="testLogin" time="19.864" classname="script.Test_Case_01"/>
  <testcase name="testInvalidLogin" time="8.491" classname="script.Test_Case_02"/>
  <testcase name="verifyProductVersion" time="14.933" classname="script.Test_Case_03"/>
</testsuite> <!-- Test -->
