<?xml version="1.0" encoding="UTF-8"?>
<testng-results skipped="0" failed="0" ignored="0" total="1" passed="1">
  <reporter-output>
  </reporter-output>
  <suite name="Default suite" duration-ms="39416" started-at="2017-03-19T10:04:34Z" finished-at="2017-03-19T10:05:13Z">
    <groups>
    </groups>
    <test name="Default test" duration-ms="39416" started-at="2017-03-19T10:04:34Z" finished-at="2017-03-19T10:05:13Z">
      <class name="script.Test_Case_01">
        <test-method status="PASS" signature="openApplication()[pri:0, instance:script.Test_Case_01@6d78f375]" name="openApplication" is-config="true" duration-ms="37958" started-at="2017-03-19T15:34:34Z" finished-at="2017-03-19T15:35:12Z">
          <reporter-output>
          </reporter-output>
        </test-method> <!-- openApplication -->
        <test-method status="PASS" signature="testLogin()[pri:0, instance:script.Test_Case_01@6d78f375]" name="testLogin" duration-ms="1131" started-at="2017-03-19T15:35:12Z" finished-at="2017-03-19T15:35:13Z">
          <reporter-output>
          </reporter-output>
        </test-method> <!-- testLogin -->
        <test-method status="PASS" signature="closeApplication()[pri:0, instance:script.Test_Case_01@6d78f375]" name="closeApplication" is-config="true" duration-ms="241" started-at="2017-03-19T15:35:13Z" finished-at="2017-03-19T15:35:13Z">
          <reporter-output>
          </reporter-output>
        </test-method> <!-- closeApplication -->
      </class> <!-- script.Test_Case_01 -->
    </test> <!-- Default test -->
  </suite> <!-- Default suite -->
</testng-results>
