<?xml version="1.0" encoding="UTF-8"?>
<testng-results skipped="0" failed="0" ignored="0" total="1" passed="1">
  <reporter-output>
    <line>
      <![CDATA[Title Matched : PASS]]>
    </line>
    <line>
      <![CDATA[Title Matched : PASS]]>
    </line>
  </reporter-output>
  <suite name="Default suite" duration-ms="46494" started-at="2017-03-21T16:10:35Z" finished-at="2017-03-21T16:11:22Z">
    <groups>
    </groups>
    <test name="Default test" duration-ms="46494" started-at="2017-03-21T16:10:35Z" finished-at="2017-03-21T16:11:22Z">
      <class name="script.Test_Case_01">
        <test-method status="PASS" signature="openApplication()[pri:0, instance:script.Test_Case_01@6d78f375]" name="openApplication" is-config="true" duration-ms="27878" started-at="2017-03-21T21:40:35Z" finished-at="2017-03-21T21:41:03Z">
          <reporter-output>
          </reporter-output>
        </test-method> <!-- openApplication -->
        <test-method status="PASS" signature="testLogin()[pri:0, instance:script.Test_Case_01@6d78f375]" name="testLogin" duration-ms="18254" started-at="2017-03-21T21:41:03Z" finished-at="2017-03-21T21:41:21Z">
          <reporter-output>
            <line>
              <![CDATA[Title Matched : PASS]]>
            </line>
            <line>
              <![CDATA[Title Matched : PASS]]>
            </line>
          </reporter-output>
        </test-method> <!-- testLogin -->
        <test-method status="PASS" signature="closeApplication()[pri:0, instance:script.Test_Case_01@6d78f375]" name="closeApplication" is-config="true" duration-ms="267" started-at="2017-03-21T21:41:21Z" finished-at="2017-03-21T21:41:22Z">
          <reporter-output>
          </reporter-output>
        </test-method> <!-- closeApplication -->
      </class> <!-- script.Test_Case_01 -->
    </test> <!-- Default test -->
  </suite> <!-- Default suite -->
</testng-results>
